<?xml version="1.0" encoding="UTF-8"?>
<!-- Generated by org.testng.reporters.JUnitReportReporter -->
<testsuite skipped="0" hostname="LAPTOP-ECAHEHDS" name="testrunner.Run" tests="3" failures="1" timestamp="2023-11-01T19:47:42 IST" time="1.033" errors="0">
  <testcase name="runScenario" time="0.983" classname="testrunner.Run">
    <failure type="java.lang.AssertionError">
      <![CDATA[java.lang.AssertionError
at org.junit.Assert.fail(Assert.java:86)
at org.junit.Assert.assertTrue(Assert.java:41)
at org.junit.Assert.assertTrue(Assert.java:52)
at stepdefinition.StepDefi.scenarioFailed(StepDefi.java:56)
at âœ½.This scenario is failed(file:///D:/srikardata/Spring-Projects/spring/Cucumber-ER/src/test/java/features/failure.feature:4)
]]>
    </failure>
  </testcase> <!-- runScenario -->
  <system-out/>
  <testcase name="runScenario" time="0.024" classname="testrunner.Run"/>
  <system-out/>
  <testcase name="runScenario" time="0.026" classname="testrunner.Run"/>
  <system-out/>
</testsuite> <!-- testrunner.Run -->
